Xnk745VkVdc29aAQHjhYLMyPsNsEQouveVUnZWsB6jmvUyohOXxXejLLqfzZTZWvFooCNKwL9m5vqhbqJ1lN5MtxgE4hamYBQsW1fqv5iWxc0pFnFD8qCfcyVxRKVuTDkdE0BFEBYpgB4wi4USGMNPYBKQKcxYDiDMVTKSXD20azC4LEfQn9bOn/nx8zDz8ikJvZBFHHhmWHnaqzww==
KYT+6zwLb3PxOQHWNqKIxEvglfGistAqt5+9qMRZGnPgrf7JxP19vbRx3LVChgE+ttKQsj/I7A1mT/kxNoK0i7UFh2yukJ+scFPokG8H0RdtoOCeVAEAMS8uu6Wc0r/vDKYBscgK50kImVsI6q/Lneb79zoJDjXuCuzBc3wel1CYbn0Gj8ipWn5fYRhMAul7QZCPo7PI
i7TqdJlstcjC5NQdjNuHv9nN8LvYFm3XBpeqlxogxT4QTQ5q35gsbjrTeu1QgwDW4/hOhj0w2g1PNllZBoNcwD0pCH7hiNlwdpTgV/4Q6KqFV+BD1SqDbr0fBVaesmb/Fv73BlDZBGkzHm3Vj3RqvgfXQvMcERF+8ZTsGgLbpx1itMdtVIAHz87Y143K7MBt/7IKSTa66sl16YNPPR6FB5T0q2VLtK/TmX/1o7m6JvfPNAcLMP1h0Yyz5Q==
FP6jHeUVuyyfsQvtASacYsYNp6B5EesPRGIlYSpzpJvRL0zvWD7fMJ3cHnzk6P8OID8+Md0bxpSIib0Lk5aOtvP+SI0sWj9xjbWFTlQE1IeMw7eQ388sBEMtROhViyjsy1twh18C+pnX/87VA+BJSHlc0hJl2QyIK9IQ4Ol8L25FiMYBJVKc9DVZKf67ubPO
Hqw1gF7YIvqxTtz2lcV4fmmcSMmRHGDm0bzj65BnnWLY4Itv/Pu5/EInZFcJCzzzUMv/HOWYzoBMfH+CuNuObZUvJniwja03e0LO+qtauBGkLp/ddXHVMnwQ1IuUp4dMF3tMaPup1FQ93+ggE38Am1f22rWvux4pq3TJxOG4Yk4t7exkE9YA3AGobyIdLDadrSY8WM2deYKTrbPC
rj32xdKJCWTu1OSD/cjc+GmcSMmRHGDm0bzj65BnnWLY8YNh+vS4rkInZFcJCzzzUMj/HOWYzoBMfH+CuNuObZUvJniwja03e0LO+qtauBGkLp/ddXHVMnwQ1IuUp4dMF3tMaPup1FQ93+ggE38Am1f22rWvux4pq3TJxOG4Yk4t7exkE9YA3AGobyIdLDadrSY8WM2deYKTrbPC
FcUl0embV35mYjNzQj3Z2woo0F+zgwSiyEcAZZhFIGHqacx+ocjoRSl4sDq9mO2ByKcmHBFlpmpQkfyyalOku5GPzE8YHd8Q3Xye3KTI/y5gn76RnTvGtMgpPavTto6Ws17ILWx6P1HNFQXuFCTUp8xjNzCf7ywkA43ESBWrKMyL+/AnHyL6uZdfTnVDwEloOfxSsiX5DKhrcpBAqVwvTgUoRqFlcpzUdfmpXvuZs+4=
5OGADXLuSiWGiE5qoWiD3lfxbkae5GVbP3V+Su8I9wAZNak+KHgdMJaUwJeekAjqp1eDAzWqI67dH+UWPjIGP/b+18YwWeQpEx4NFS/0yn5n12KzvJFxvtGUzNpiWwddQrSnrfQApw+u2PfNKmygrd+y6olWOkqJlenjj52eZUf09IslqzTPE7l/FeMZOoa3LzQny5B9gZGss8U=
LvCKbZ3p9uhmO0al8eK+KIrE0DpEYAfNgUFw6tql5cLuV3ce/MRoqLWqPGIKY6SrsX+MH/irX4B9DF4MxPj/PkBv/sF9i0YkaFn9e7OGjoaTroh9jMq/wW1lxT50FNS37JN3YH9frLSj/QSYdZso3KsLsHf/knopNy+OpSPwSXgZDBLixUmMOMsCUJDJbC9eJdgG8YXCHETViWmOm6mz/g==
gdnz8wW41xCkGb8QO5kO0JGcussYSoj8Y1c5dXhG9hqvXipOXxI+YDvcsPTme7jIXsZTZ/VP43Jl4hvfI1p46tBzgE4hamYBQsW1fqv5iWxc0pFnFD8qCfcyVxRKVuTDkdE0BFEBYpgB4wi4USGMNPYBKQKcxYDiDMVTKSXD20azC4LEfQn9bOn/nx8zDz8ikJvZBFHHhmWHnaqzww==
+0kGutrWbRK9ddDuleHoCrGpUPLKreX6nn+XxrOG5gJAiZz6muskE0HX7EcoYR/4TeR+FNTw/wYwRx4ZLcOG3NgxXeMjDg4+YwboJVwC/7ldjeUmZBzUj5y7l7gvF2xME5WkAOUTqGRbo9AvL1o6UQfHrr0z+ElAaSTyOpUBTMB7avAIWeSv5tVwZqlVClw85WFJlouhs8Y=
2CI09GtWVSZc5hYbp8Rq8n1jZBSibTLWKnu825eK1EAeFEgn9vCwGngQ+1PtSgu+1R/tBhZSXu8OPo+2iLkMmZueheWHVLLOvxda4+Sxma7ZlMTKintfDXp0fx2MoA//Jlh/fcKMGN2HchJZDlpimZ3p65+1fr0XjLRT1RNUp6Mx/52TsZp+B3d0HxtIXemBpLPN
LeAOe+94HRyJ+1RoqTbPNW0J+rOTzx2lTHD6tKo50oOjhPyYuR4rG6jaVN/YDQwWMp/k73mz3EsgdzgklaAuuDxEf7rI425V5RfmwMA1TY8L+k5C2+JYqdSWX+UFSTUKDCjUs+SfZ3RnQ4zQixE07E1naJhjx+AjJ04ajd+D/hHbTMn8kYCCdl3VLNxjbuBkcRDvmm2U1iXdnvxgvaWZuuOVs/o=
fn9I0XUCLuxkbFHlMGwMaMj1kg4F52rXZ9n4GJM2u14AMRhoGTudr5UupdxWQpaAo0wodH7rIGg2lpigvX8LUh3S499baoDKuENIDmm6jqHaVS3+M2kRDPQCWSdczwJpz8JvFHKm3KO5IXxEmdHK+JlzkDjJsRSUHtFhQlT16ML09Ssp3fOjZls7ygS1WZXMcW8Hn6ufp8I4y5HEmbeuhb/tkrP7
WTHhM7JNH4ufIoxJnx46pDv5/4AakgGSw9AAi32GwLyP4/dRqIZs7F+l2qQOJPTKKLL6zxcWSDCL6DyiCH535vsMClYZuDhMN6INwZw8BBfcK20gqHL8g+Uzngj7WzhWWUMgFoblgbyaV1wtxautpmq5q6abNXSxiiNyBL88wuzLkCOzGwcwrpsUiR3ZOIrk/wvEv3VeP+w1M4y4L8u439RM52zCnm//9/W1CqxG8jlXkSajEoE4utt4TrFEBc31lPnM6QlfkTbWGmAKP3AcxQZHael22qQDlU03lC7oL2RQ2/hIr19BH43okCZUuXB5zyYr/VwKr2csbrHJSPJXASgRS1Cqd1uVhjMHggm2xSZq5FGrPEaH2Lgmzf4PsBmSXtdxwIxaeXOh2P8bs3A=
EbOVHyYvnxgQwZK3MhU/m73qrBc777/jTzsviLZftASSXN6Xot22mbZeTznGeSL3ZHgTpvrbJCMh5yz3SNGZSS1UviS0wP82UHfeqU1zBmy4gZ3TQz4ODgM2KJU8sn8JPT0lFgQs1L/8i1cIT6fs/HMlZDCFI6hUO5MQn0/quuFnd26NU8hJcAkUMor1scxwG9owODnUr9a1QKYZNbrcjIXRiabrkbP2
Pmp7iFZCJNZKhmFbrUf3mEla+4io2wpegvRpWzljaBbuEfVKfRMEUhodo/jS1ARf0uC0Eg82JpupOq8mWZ9hnrKimqdSHnO+jKkoYVfeyV1jxDZGA/eGq6CBfbbVlMjSbksbRaaUw5UIMOtHahizheacHNV7Uk4RyqrGARFpZwcRDvnfUJQv3RdEg9t9P1Er1Qr6j8sUQ9OMbY2ZqLPB
ZNwhzcgFD5U3drHyqXoG2D3w7QE6kpih6f+bZbo8qJKic/HLwfSmBQQxJfEEnQQYKiSZ0gZeCD6/RHSB1qNhnVYubGcFSd+gblzH4EC/MLwPK8n7Xaz4klQNGD0fwqOJ/P5nAzzqWX0Ixr8FuHWDpIoDU3FWd2+2iYKtYroAWd8csk+8KCIlyk8E8RZOs7k0LC7xl3Gcl6+zxA==
KjcZu04Ru3rdXwIVmprpVIv4PkYG/UgbFHQOUURlDRUUmQwNCvBRFlY6oKo/0NzlhmepSXY6ZGMVrff0LghvBNA7uCiv/wE/DcjQhlQZMFlPBmtdXGrvh6wO8SlIkpfhqHGLsKrXm7UGE8ciCRYFBurEkQs8pke4OMYNng9QWfLeNzGgjPo5UyH4v7uz0A==
Wx5G5rAK1NeIo4tmrm6UbH+k7p1g2o6g6/zA9NabaIgupufia++zMlUCC98zOkgqANMQzpGKlsESpYV+W9nZLOxyYeeEX3rJBxJHFFp2FAPBsaSEoaHS2FHD+LhhQdz0BuGZggxlUCI8pUMpNSPrBuOrEkTNaY0sOR+vH0Mv7+IgO6mEwSdWJfe9urPT
P4vK0lUmxEJcbPPLP6igSon4PlcE60wbFHQOUURlDRUUmQwPCvBRFlY6oKo/0NzlhmepSXY6ZGMVrff0LghvBNA7uCiv/wE/DcjQhlQZMFlPBmtdXGrvh6wO8SlIkpfhqHGLsKrXm7UGE8ciCRYFBurEkQs8pke4OMYNng9QWfLeNzGgjPo5UyH4v7uz0A==
J7P9Q07leUywJit7LQ2mEH+k6It8x46g6/zA9NabaIgupuHia++zMlUCC98zOkgqANMQzpGKlsESpYV+W9nZLOxyYeeEX3rJBxJHFFp2FAPBsaSEoaHS2FHD+LhhQdz0BuGZggxlUCI8pUMpNSPrBuOrEkTNaY0sOR+vH0Mv7+IgO6mEwSdWJfe9urPT
IaXXxaISLH0qhCe3PkEZjX+k6Z1uwo6g6/zA9NabaIgupuDia++zMlUCC98zOkgqANMQzpGKlsESpYV+W9nZLOxyYeeEX3rJBxJHFFp2FAPBsaSEoaHS2FHD+LhhQdz0BuGZggxlUCI8pUMpNSPrBuOrEkTNaY0sOR+vH0Mv7+IgO6mEwSdWJfe9urPT
T79R6U8EvmoJC2OTcr680U0xE+6JmXvuOZRFbYlczSDdiLKV/5fiQXsAxzhT3otsJnzeucQNXc30oXwlyRnhbvbicII/+Aw9Jh8ZobYSFFv1daecruC/XLADSADvl7HHrZCArlQxYAHv/ts1HEIfv8xWIcHI+sc5SEn7mGo/K82myxcKCT7V3kq8IeP8jjeA2B5d9o+4iaq+D8GIzJKJq4Gg75Oz+A==
ANhmAzjPmqkxW/Sc8nvenalyMwFF33zgjjFoO6RAAy9XIRJV/cP4OB2qdHaIyNXjDUZ2IzsKv+G8zA9rTqbW36YbEyhGEu4Pvr4fFlj5fLmLnpWFt5Riri+XqkOU8UlO6ZT0Klo7L62K9O99XGA/nzZYb12yzMh9F/Kiub4aMrlt6Zu/Zb4Ndzw0w3VDlFeDI/+Nc4HaLufn9G+7uJ254ZSz/Q==
7hxHdECAO19sryxfjwqogalyMwFF33zgjjFoO6RAAy9XIRJV/cP4OB2qdHaIyNXjDUZ2IzsKv+G8zA9rTqbW36YbEyhGEu4Pvr4fFlj5fLmLnpWFt5Riri+XqkOU8UlO6ZT0Klo7L62K9O99XGA/nzZYb12yzMh9F/Kiub4aMrlt6Zu/Zb4Ndzw0w3VDlFeDJv6Ne4DaLufn9G+7uJ254ZSz/Q==
Ovvo1wv0z7f3fU/ILuzbPdZxBDRUhNMTPvbXpuXoh2e1KMmzubLyos5NellMStsIM4Hgq9wXdVOKwMi3CsT/IEgsy/n2ysQzVZ0X5C4YDzQQ6xhYL0/h70248JZUCRApD9aL7dwaT1dsPpE5SIJ30eghK0AqZ/vlxuPnMgkGJfYqlPG7vFbn6Hj27Y8LQDDDHueR0AxK2YNhiJ+rs8A=
