WKsyWmmKFS3AbAAPNipvQ8yPsNsEQouveVUnZWsB6jmvUyohOXxXejLLqfzZTZWvFooCNKwL9m5vqhbqJ1lN5MtxgE4hamYBQsW1fqv5iWxc0pFnFD8qCfcyVxRKVuTDkdE0BFEBYpgB4wi4USGMNPYBKQKcxYDiDMVTKSXD20azC4LEfQn9bOn/mh8zDz8ikJvZBFHHhmWHnaqzww==
SNOMbdJOmjF+uFPpuYPThUvglfGistAqt5+9qMRZGnPgrf7JxP19vbRx3LVChgE+ttKQsj/I7A1mT/kxNoK0i7UFh2yukJ+scFPokG8H0RdtoOCeVAEAMS8uu6Wc0r/vDKYBscgK50kImVsI6q/Lneb79zoJDjXuCuzBc3wel1CYbn0Dj8ipWn5fYRhMAul7QZCPo7PI
5g6Sg2IMdALVUt6sDLC8KdnN8LvYFm3XBpeqlxogxT4QTQ5q35gsbjrTeu1QgwDW4/hOhj0w2g1PNllZBoNcwD0pCH7hiNlwdpTgV/4Q6KqFV+BD1SqDbr0fBVaesmb/Fv73BlDZBGkzHm3Vj3RqvgfXQvMcERF+8ZTsGgLbpx1itMdtVIAHz87Y143K7MBt/7IKSTa66sl16YNPPR6FB5T0q2VLtK/TnH/1o7m6JvfPNAcLMP1h0Yyz5Q==
BaODimUTlZd/Z+6euNJwEcYNp6B5EesPRGIlYSpzpJvRL0zvWD7fMJ3cHnzk6P8OID8+Md0bxpSIib0Lk5aOtvP+SI0sWj9xjbWFTlQE1IeMw7eQ388sBEMtROhViyjsy1twh18C+pnX/87VA+BJSHlc0hJl2QyIK9IQ4Ol5L25FiMYBJVKc9DVZKf67ubPO
hKbdUCqJR1N27XN9NJiCxmmcSMmRHGDm0bzj65BnnWLY4Itv/Pu5/EInZFcJCzzzUMv/HOWYzoBMfH+CuNuObZUvJniwja03e0LO+qtauBGkLp/ddXHVMnwQ1IuUp4dMF3tMaPup1FQ93+ggE38Am1f22rWvux4pq3TJxOG4Yk4t7exkE9YA3AGtbyIdLDadrSY8WM2deYKTrbPC
vO8SXteU9K4CZ7laFw0lsmmcSMmRHGDm0bzj65BnnWLY8YNh+vS4rkInZFcJCzzzUMj/HOWYzoBMfH+CuNuObZUvJniwja03e0LO+qtauBGkLp/ddXHVMnwQ1IuUp4dMF3tMaPup1FQ93+ggE38Am1f22rWvux4pq3TJxOG4Yk4t7exkE9YA3AGtbyIdLDadrSY8WM2deYKTrbPC
3qu/kQJRaB9ythLmRni7BAoo0F+zgwSiyEcAZZhFIGHqacx+ocjoRSl4sDq9mO2ByKcmHBFlpmpQkfyyalOku5GPzE8YHd8Q3Xye3KTI/y5gn76RnTvGtMgpPavTto6Ws17ILWx6P1HNFQXuFCTUp8xjNzCf7ywkA43ESBWrKMyL+/AnHyL6uZdfTnVDwEloOfxSsiX5DKhrcpBAqVkvTgUoRqFlcpzUdfmpXvuZs+4=
FTAsDW4FaMSk8g07vcYcE1fxbkae5GVbP3V+Su8I9wAZNak+KHgdMJaUwJeekAjqp1eDAzWqI67dH+UWPjIGP/b+18YwWeQpEx4NFS/0yn5n12KzvJFxvtGUzNpiWwddQrSnrfQApw+u2PfNKmygrd+y6olWOkqJlenjj52eZUf09IslqzTPE7x/FeMZOoa3LzQny5B9gZGss8U=
ygUI41Dot0I7BXoKW9gA84rE0DpEYAfNgUFw6tql5cLuV3ce/MRoqLWqPGIKY6SrsX+MH/irX4B9DF4MxPj/PkBv/sF9i0YkaFn9e7OGjoaTroh9jMq/wW1lxT50FNS37JN3YH9frLSj/QSYdZso3KsLsHf/knopNy+OpSPwSXgZDBLixUmMOMsCUJDJaS9eJdgG8YXCHETViWmOm6mz/g==
IvDsir4dp3F0FMkWtcjNUJGcussYSoj8Y1c5dXhG9hqvXipOXxI+YDvcsPTme7jIXsZTZ/VP43Jl4hvfI1p46tBzgE4hamYBQsW1fqv5iWxc0pFnFD8qCfcyVxRKVuTDkdE0BFEBYpgB4wi4USGMNPYBKQKcxYDiDMVTKSXD20azC4LEfQn9bOn/mh8zDz8ikJvZBFHHhmWHnaqzww==
sbdfszCEbTqLr8v+TegNwbGpUPLKreX6nn+XxrOG5gJAiZz6muskE0HX7EcoYR/4TeR+FNTw/wYwRx4ZLcOG3NgxXeMjDg4+YwboJVwC/7ldjeUmZBzUj5y7l7gvF2xME5WkAOUTqGRbo9AvL1o6UQfHrr0z+ElAaSTyOpUBTMB7avAIWeGv5tVwZqlVClw85WFJlouhs8Y=
8KTtbPwYZL22w8kvCGm6n31jZBSibTLWKnu825eK1EAeFEgn9vCwGngQ+1PtSgu+1R/tBhZSXu8OPo+2iLkMmZueheWHVLLOvxda4+Sxma7ZlMTKintfDXp0fx2MoA//Jlh/fcKMGN2HchJZDlpimZ3p65+1fr0XjLRT1RNUp6M0/52TsZp+B3d0HxtIXemBpLPN
vQcY9pGDmErFtfzjn2PMkcj1kg4F52rXZ9n4GJM2u14AMRhoGTudr5YupdxWQpaAo0wodH7rIGg2lpigvX8LUh3S499baoDKuENIDmm6jqHaVS3+M2kRDPQCWSdczwJpz8JvFHKm3KO5IXxEmdHK+JlzkDjJsRSUHtFhQlT16ML09Ssp3fOjZls7ygS1WZXMcW8Cn6ufp8I4y5HEmbeuhb/tkrP7
3sbyeoSNWdHU7AgmXw1yezv5/4AakgGSw9AAi32GwLyP4/dRqIZs7F+l2qQOJPTKKLL6zxcWSDCL6DyiCH535vsMClYZuDhMN6INwZw8BBfcK20gqHL8g+Uzngj7WzhWWUMgFoblgbyaV1wtxautpmq5q6abNXSxiiNyBL88wuzLkCOzGwcwrpsUiR3ZOIrk/wvEv3VeP+w1M4y4L8u439RM52zCnm//9/W1CqxG8jlXkSajEoE4utt4TrFEBc31lPnM6QlfkTbWGmAKP3AcxQZHael22qQDlU03lC7oL2RQ2/hIr19BH43okCZUuXB5zyYr/VwKr2csbrHJSPJXASgRS1Cqd1uVhjMHggm2xSZq5FGrPEaH2LgmzfsPsBmSXtdxwIxaeXOh2P8bs3A=
cMlekWCogTsX0e+VDOYIgb3qrBc777/jTzsviLZftASSXN6Xot22mbZeTznGeSL3ZHgTpvrbJCMh5yz3SNGZSS1UviS0wP82UHfeqU1zBmy4gZ3TQz4ODgM2KJU8sn8JPT0lFgQs1L/8i1cIT6fs/HMlZDCFI6hUO5MQn0/quuFnd26NU8hJcAkUMor1scxwG9owODnRr9a1QKYZNbrcjIXRiabrkbP2
CgFKA744L6mQP22JKaR7MBMmZT0VNtyj46N/JwcH/9yOs9QgekDuY7rRtp2+ol8tPlUCE0wk45KiF2Rn6Vt8I/C9ee1FyA5QLEx/stgLTj0136YIEF3tZ5tyzspLCvjBBF4fLdUhFeIcINS79HdHHLeLzBhbeZQE3e/oEPMvQEv3hlpFD+ve+ctEyfSBaKIejR1sFLMGQIzhnW8S/Xx2TQ1WvKhtzblS852z8g==
7ydmc6JPOlkDOEm1sDajxXZ5gstKj52wNl00j5aV9GtReCxsqfD7cuY0VjYcPCHbkLjaioq2r29nPKD09lvICI5mwuFEL1OyNcLr31N6qKpgkzDOsco2QbLlpX67mbmsDLIB52Sf2kmn0mcUera0g2FxRITBYTJYMYMYuEEBfHSmobmCLCUwotzlIynV44uGA2syRO2pLayZ34ofI+8PYkB7SYShZ/alV/2as/M=
AJ/8FnnSrDEM8SEjGsgpA/WQwhg/4CFoJInPRR8F42nXxvKl5FJufvZptte2n7qsVxciIxIBODrb+E4xRIXNdZR5zGsJ35G21ppgij/wHEUGx2lpdlqkg5XNNxQuaC/kUFv4yK/fQZ+NaJCmVDlw+c+mK31ciq/nLO6xSUhyV4EokUvQqvdbFYazBwIJNsWmamRRKzzGh1i4ps17DzAZEl5XcUCM2nnzoVj/m7Pw
m+kdsXdngY/P6Q5VO2lGiUla+4io2wpegvRpWzljaBbuEfVKfRMEUhodo/jS1ARf0uC0Eg82JpupOq8mWZ9hnrKimqdSHnO+jKkoYVfeyV1jxDZGA/eGq6CBfbbVlMjSbksbRaaUw5UIMOtHahizheacHNV7Uk4RyqrGARFpZwcRDvnfUJQv3RdEg9t4P1Er1Qr6j8sUQ9OMbY2ZqLPB
IFAkiP8bD4Wac13tdhhzsz3w7QE6kpih6f+bZbo8qJKic/HLwfSmBQQxJfEEnQQYKiSZ0gZeCD6/RHSB1qNhnVYubGcFSd+gblzH4EC/MLwPK8n7Xaz4klQNGD0fwqOJ/P5nAzzqWX0Ixr8FuHWDpIoDU3FWd2+2iYKtYroAWd8csk+8KCIlz08E8RZOs7k0LC7xl3Gcl6+zxA==
EMnU2/i/7+QezWUywIES24v4PkYG/UgbFHQOUURlDRUUmQwNCvBRFlY6oKo/0NzlhmepSXY6ZGMVrff0LghvBNA7uCiv/wE/DcjQhlQZMFlPBmtdXGrvh6wO8SlIkpfhqHGLsKrXm7UGE8ciCRYFBurEkQs8pke4OMYNmw9QWfLeNzGgjPo5UyH4v7uz0A==
ZpIQd01rrTtpyKyHBoYPg3+k7p1g2o6g6/zA9NabaIgupufia++zMlUCC98zOkgqANMQzpGKlsESpYV+W9nZLOxyYeeEX3rJBxJHFFp2FAPBsaSEoaHS2FHD+LhhQdz0BuGZggxlUCI8pUMpNSPrBuOrEkTNaY0sOR+qH0Mv7+IgO6mEwSdWJfe9urPT
p/nJIgUak39Sxs4gZZ4V24n4PlcE60wbFHQOUURlDRUUmQwPCvBRFlY6oKo/0NzlhmepSXY6ZGMVrff0LghvBNA7uCiv/wE/DcjQhlQZMFlPBmtdXGrvh6wO8SlIkpfhqHGLsKrXm7UGE8ciCRYFBurEkQs8pke4OMYNmw9QWfLeNzGgjPo5UyH4v7uz0A==
TEOUB8o+Z6AdsL9n/ufCsn+k6It8x46g6/zA9NabaIgupuHia++zMlUCC98zOkgqANMQzpGKlsESpYV+W9nZLOxyYeeEX3rJBxJHFFp2FAPBsaSEoaHS2FHD+LhhQdz0BuGZggxlUCI8pUMpNSPrBuOrEkTNaY0sOR+qH0Mv7+IgO6mEwSdWJfe9urPT
+15q7c3Lo/BzTzU31NoExH+k6Z1uwo6g6/zA9NabaIgupuDia++zMlUCC98zOkgqANMQzpGKlsESpYV+W9nZLOxyYeeEX3rJBxJHFFp2FAPBsaSEoaHS2FHD+LhhQdz0BuGZggxlUCI8pUMpNSPrBuOrEkTNaY0sOR+qH0Mv7+IgO6mEwSdWJfe9urPT
xDAfZk8BKIR6U3UWgO/R7BYDqJuixQ1blL0nXyVlLhDuH6UZaxsfQRsagfjS1ARf0uC0EgUwKJupOq8mWZ9hnrKimqdSHnO+jKkoYVfeyV1jxDZGA/eGq6CBfbbVlMjSbksbRaaUw5UIMOtHahizheacHNV7Uk4RyqrGARFpZwcRDvnfUJQv3RdEg9t8P1Er1Qr6j8sUQ9OMbY2ZqLPB
YDTvGpmMRzow06xzHCzriIGg4L/kOxEse6T+qqR/ZRUHP+Tq0mfuDl9jWXk67um1greNzJlsHhCGlNB3rtC4ChvQHONl6vOOrR8VNm7y1l9mfmemgJnUSQMeHTXfNLrel1fyE2zRIV7hlPw6MhvX/dI0Vw2EwFcvvtjnrRqsEM1vMnrphvoaqWXpk69N3jWnZHQ7xRt0//OofwXDaXp2F1+0t2vAvVHxnLP1
vA3f8R5pd4brb++UnF5WPqLR23K9ew4luTwEdP/rrsiaW1+LaBFC5Ues75sfj0ymBRGLCAIsQlcUr2LcYBO1eC7J/lI+Tdfa7Pn2SCGzLGAydheoNqqNzT9MCRWKXkuuhInwEf9eoe27pD5Wezde2yghBWb9lOACFuuTNX5Uu4UAUDP3Apgb9T68FMVDEpahQkp+UflpD9epbnFvCFQXzR9k2yvUv7mbjerynzNUGyMEzXXJgLPp
vA3f8R5pd4brb++UnF5WPqLR23K9ew4luTwEdP/rrsiaW1+LaBFC5Ues75sfj0ymBRGLCAIsQlcUr2LcYBO1eC7J/lI+Tdfa7Pn2SCGzLGAydheoNqqNzT9MCRWKXkuuhInwEf9eoe27pD5Wezde2yghBWb9lOACFuuTNX5Uu4UAUDP3Apgb9T68FMVDEpahQkp+UflpD9epbnFvCFQXzR9k2yvUv7mbjerynzNUGyMEzXXJgLPp
04KxHPgx9xGK2qKaiBpefbIdGlXKxPXIWVX6t8rT1OxXzDAIASJx3hZ17DrVGcPjOGKF9S75aNrma8NHASos6F12FJjCbv1HOClW1sXlaYmIKawTBieyiVF/zV0Wnrj4NJfcEFpmmHpKcHpxChRfkIg8K4l2euQjFW13NC5I70TQ+zjor7+B/w0IUMZUWbCZT8brHVyqb0esTnFpSFIXIagxC/CqFxv1BlNH4gnWhUbqhBHLPObH+DgGjVgOENmy3vexYIy6uZMhOD/7s5A=
7XXQ68W2a6LvH49oHExsUZRibbqW5pcmPSWuDAgiASxXcNj/0npH5yczJNnvieFbMyvra5l3MMMe55fCkVpnX9/iDFok2+zuzcIyUZYd6T53Id08iDq9BzjXHnnDymsUdq7Qs6U5GGR96bbIVTvU+A35WGSiqcWi8G10Unh9r6lZey/2x6NuZBGhKby9p0Xeb1fr8sTz9eR9r7KVs+WWs/8=
5zny/Pcw2gvpWthxC1ueC9g7T3IHhMgdeLPYvKzojmGDYYjyn4DVhb1EY0wrfOUiJ9qw9YtJMUaWyoC6P8D8FUY3yfn2ysQzVZ0X5C4YDzQQ6xhYL0/h70248JZUCRApD9aL7dwaT1dsPpE5SIJ30eghK0AqZ/vlxuPnMgkGJfYqlPG7vFbn6Hj27YgOQDnCHueR0AxK2YNhiJ+rs8A=
glXBLavwXw34VO+dpSExc9/4242Yog+Y1FQMv6lj2N23iAxpRuYQl1yK33QIqlWfztwBnm77KQzs1uHfEZQnd7Mc
XTIUwMlT81p58iF3aIlYXrXuoB8+2+z5QQZgmKwW1wbBZuK5k8ilibUbCSbQOmj3bGwYhbeCdAUVyhauPYHFF3FUpzX53coyU0LQsk9zBmy4gZ3TQz4ODgM2KJU8sn8JPT0lFgQs1L/8i1cIT6fs/HMlZDCFI6hUO5MQn0/quuFnd26NU8hJcAkUMor1scxwG9owODnZrta1QKYZNbrcjIXRiabrkbP2
bFwJTxxWcNyq7Gos8tadC4owLMF+pFjDtYbKxLai1adZl+ddizMkHpL8pdkNWx9U+7kohBk4FxQUKaJMj1JsaEv6krw6P2P6d20eVEnMaqJPKZ/taxaauucstej+H5zPg4M3iwqVu+I6AqK3Ot7bDlTJIDHvXrGNa+TuNuu3rrvYYfUGDZQQYuarY1WO1Cvl0BDjlxKYC9Xu/MRl05ImAfIKTnHJaT/3ma7Bz7jUh21PpIsLwLupet0qon+j1GvDdA0FKfCzmQ==
u4bxx69iGPK4RLNQD1oRXx5hpJUnE6jvXt87ajVlP4YeKiey9ikh7+/oJFluRv0NpHTbBTv037MPe2WCCfoWV/+0F6vgPbExfLMV
H9BYcsPczbhvUIEuKNehWzfV4vL36NM2V8nVOpp5U2epHx8aHX/Ntemwg0BOVRSlRuRRb28l1JRBTSVcOzqu3ahyWBdPYmB6teI6BHXZVcwx70Gb6x7nwnhL0cTZN26Ff21Sszs=
kL05WbLzolH6jAhdjtCTu/aEJ1eNrSoBhh6IHc/VDwesVF1eWt65kPkuSkoYFZvhkQm2gJ9cU/lIlmdcdNDki7mXkHk3LESdVtL4E/xOt0DY3t0wi/gI6r5PQcjM0glrgWBvU7M4
a65tyin5W9O7Pd8HgCvDQxd+YCxRRiViWuLBrAkSMvb4qeNdYbXOPF9gK8W4qh9glOycN0kr6MW3kDwhpm6ALxxyz3wo4qUMS0RwVk7zOXQsbnFXcVwXb7ME
0SwIm/Fg3pZ6QDQF6e/1Sippy9cvmVEZQ08tZlrmybgZBhoS2M3LiTHhBvgfpOOR6H63BDQINKPZv2BBNxS0tTb6KMu8FmeoeLZtyAuAuAIeJxEQDIpZQ2FIH2uzAA==
a7HEIHBP+BpUH5jMtOxingNa5PIeq3ADdE8tZlrmybgZBhoS2M3LiTHhBvgfpOOR6H63BDQINKPZv2BBNxS0tTb6KMu8FmeoeLZtyAuAuAIeJxEQDIpZQ2FIH2uzAA==
9Do6wVw9Wio/rHj7Kne9PnM1mRjFp93noeDaZE02kZyGhEg/f/eJC6qevwaHPwDEy7LEWmB9AfUsh/dWcHt+oPQd7CSTlgCcge5rYpxsNt0tZjyYTV15QhNtswI=
iwz5rlHWRM8b5KQQlIqdgqLR23K9ew4luTwEdP/rrsiaW1+LaBFC5Ues75sfj0ymBRGLCAIsQlcUr2LcYBO1eC7J/lI+Tdfa7Pn2SCGzLGAydheoNqqNzT9MCRWKXkuuhInwEf9eoe27pD5Wezde2yghBWb9lOACFuuTNX5Uu4UAUDP3Apgb9T68FMVDEpahQkp+UflpD9epbnFvCFQXzR9k2yvSu7majerynzNUGyMEzXXJgLPp
DB/Jlbab4sRYBlm2d3cYoVqx+kifPJNZyHKlMnTwpCs591BZNwyE/dZyuDP8LnegWH4dVY4YQUs+LwEozPLJywGAL3OzGA==
3OqhDlFxlnlc/YahxWqykX97D+KBXUlebzoLTiH8j1AuX3KLBSiO8Gxsf5KYq87ddb+m6NA9bcdbUs7qi6p4ocS+H02VwZVCXADUm7TXx/z368z4mxkUpB3P6DAzj8ArN2ZaJU8LXlmLZMnUwcgi/s19bPRzZsAsIbtuMjXd9i3NtrzILS058rO9s9I=
piY+AT6FPccFXDZxkpNc6zT2+FW7pmre2fVRTaACL1wk9Ctly7Qv0xp+das4uqb3TzSHC7D94dEMs2U=
vpU61D3C4kouwrrOPP2OnoYgOMJxdxrhIlhu8h+NTGC7inBoGUeuRp0R5kmVqlycJYHJ9ssBs2Y=
piY+AT6FPccFXDZxkpNc6zT2+FW7pmre2fVRTaACL1wk9Ctly7Qv0xp+das4uqb3TzSHC7D94dEMs2U=
vpU61D3C4kouwrrOPP2OnoYgOMJxdxrhIlhu8h+NTGC7inBoGUeuRp0R5kmVqlycJYHJ9ssBs2Y=
/8iD72x6zMvJqV7JizB0rXM1mRjFp93noeDaZE02kZyGhEg/f/eJC6qevwaHPwDAybzEWmB9AfUsh/dWcHt+oPQd7CSTlgCcgetuYpVtNt0tZjyYTV15QhNtswI=
QnprVeHZm91xbqaB/zb89QNa5PIeq3ADdE8tZlrmybgZBhoS2M3LiTHhBvgfpOOR6Hq1CjQINKPZv2BBNxS0tTb6KMu8FmeoeLZtzQ6AsQMeJxEQDIpZQ2FIH2uzAA==
UWnlX60dG75EfSdMA9i/uippy9cvmVEZQ08tZlrmybgZBhoS2M3LiTHhBvgfpOOR6Hq1CjQINKPZv2BBNxS0tTb6KMu8FmeoeLZtzQ6AsQMeJxEQDIpZQ2FIH2uzAA==
+vhdGg3KI5Na6GwFWfpdhRd+YCxRRiViWuLBrAkSMvb4qeNdYbXOPF9gK8W4rh1ulOycN0kr6MW3kDwhpm6ALxxyz3wo4qUJTkR5V07zOXQsbnFXcVwXb7ME
/oOFYRrK3gZc0cnLTGS0BfaEJ1eNrSoBhh6IHc/VDwesVF1eWt65kPkuSkoYFZvhkQm2gJ9cU/lIkmVSdNDki7mXkHk3LESdVtL4E/xOt0DY3t01jvgB675PQcjM0glrgWBvU7M4
ujiKdVtfJx7mMinGFul5AzfV4vL36NM2V8nVOpp5U2epHx8aHX/Ntemwg0BOVRSlRuRRb28l1JRFTytcOzqu3ahyWBdPYmB6teI6BHXZVcwx70Se6xfmwnhL0cTZN26Ff21Sszs=
0oieCgDv+sVFvHWtncSsqJGv1VJQ6mDNPtr+BtIjp11BJxl4FHHT/NNvrMdaENP0o0ElG3fjJxsljJSqun8LUh3S499baoDKuENIDmm6jqHaVS3+M2kRDPQCWSdczwJpz8JvFHKm3KO5IXxEmdHK+JlzkDjJsRSUHtFhQlT16ML09Ssp3fOjZls7ygS1WZXMcW8EnquXpsI4y5HEmbeuhb/tkrP7
h/+JJMc6BmXG3x5cBPwgXO3Gqw31jDM+uon+BXMQWs7wtWUvJQdpky/bDlCkP+wtk6yVAxsnDAn68zVKXpu4hRL0S6VrNI+T+n5Va1g6xjdvNGdLUH1BEWyzBQ==
LLOHpIveZKS7pdnfYNg1GC/O4PUwNKDVFRghuAix0xWynNv7vPYnCPjWre0OoPHjnofRcAyqGaPh6N8Ls2A=
K7b1b4mx3bq6tlHBe+J6ENZxBDRUhNMTPvbXpuXoh2e1KMmzubLyos5NellMStsIM4Hgq9wXdVOKwMi3CsT/IEgsy/n2ysQzVZ0X5C4YDzQQ6xhYL0/h70248JZUCRApD9aL7dwaT1dsPpE5SIJ30eghK0AqZ/vlxuPnMgkGJfYqlPG7vFbn6Hj27Y0OQDHDHueR0AxK2YNhiJ+rs8A=
